2023-09-29 06:49:12,817 - INFO - -----------------------------------------Preprocessing Started-----------------------------------------
2023-09-29 06:49:12,878 - INFO - Step 1: CSV file read into DataFrame.
2023-09-29 06:49:12,910 - INFO - Step 2: 'Time' column converted to datetime.
2023-09-29 06:49:12,913 - INFO - Step 3: 'session' column created based on 'hour.
2023-09-29 06:49:12,922 - INFO - Step 4: Target variable 'Accident_severity' encoded.
2023-09-29 06:49:12,937 - INFO - Step 5: Categorical columns encoded using ordinal encoding.
2023-09-29 06:49:12,942 - INFO - Step 6: Split the data into folds using StratifiedKFold
2023-09-29 06:49:13,692 - INFO - Step 7: Missing values imputed using KNNImputer.
2023-09-29 06:49:13,780 - INFO - Step 8: Processed data saved to data/processed\FE_output.csv.
2023-09-29 06:49:13,780 - INFO - -----------------------------------------Preprocessing Ended-----------------------------------------
2023-09-29 06:49:15,199 - INFO - -----------------------------------------Oversampling Script Started-----------------------------------------
2023-09-29 06:49:15,200 - INFO - Oversampling Started for Fold 0
2023-09-29 06:49:15,514 - INFO - Oversampling Completed for Fold 0
2023-09-29 06:49:15,514 - INFO - Oversampling Started for Fold 1
2023-09-29 06:49:15,786 - INFO - Oversampling Completed for Fold 1
2023-09-29 06:49:15,787 - INFO - Oversampling Started for Fold 2
2023-09-29 06:49:16,059 - INFO - Oversampling Completed for Fold 2
2023-09-29 06:49:16,060 - INFO - Oversampling Started for Fold 3
2023-09-29 06:49:16,345 - INFO - Oversampling Completed for Fold 3
2023-09-29 06:49:16,346 - INFO - Oversampling Started for Fold 4
2023-09-29 06:49:16,620 - INFO - Oversampling Completed for Fold 4
2023-09-29 06:49:16,620 - INFO - -----------------------------------------Oversampling Script Ended-----------------------------------------
2023-09-29 06:49:17,968 - INFO - -----------------------------------------Training Started-----------------------------------------
2023-09-29 06:49:21,127 - INFO - F1 Weighted Score: 0.8562502524292562
2023-09-29 06:49:21,140 - INFO - Selected features saved to: data/selected_features_test.csv
2023-09-29 06:49:21,244 - INFO - Model saved using pickle to: model/extra_trees_model.pkl
2023-09-29 06:49:26,673 - INFO - Compressed model saved to: model/extra_trees_model.pkl.bz2
2023-09-29 06:49:26,684 - INFO - Pickle model file removed: model/extra_trees_model.pkl
2023-09-29 06:49:26,684 - INFO - -----------------------------------------Training Ended-----------------------------------------
